
*** Running vivado
    with args -log am_bp_ila.vds -m64 -product Vivado -mode batch -messageDb vivado.pb -notrace -source am_bp_ila.tcl


****** Vivado v2019.1 (64-bit)
  **** SW Build 2552052 on Fri May 24 14:49:42 MDT 2019
  **** IP Build 2548770 on Fri May 24 18:01:18 MDT 2019
    ** Copyright 1986-2019 Xilinx, Inc. All Rights Reserved.

source am_bp_ila.tcl -notrace
Command: synth_design -top am_bp_ila -part xc7a100tcsg324-1 -mode out_of_context
Starting synth_design
Attempting to get a license for feature 'Synthesis' and/or device 'xc7a100t'
INFO: [Common 17-349] Got license for feature 'Synthesis' and/or device 'xc7a100t'
INFO: [Device 21-403] Loading part xc7a100tcsg324-1
INFO: Launching helper process for spawning children vivado processes
INFO: Helper process launched with PID 23292 
---------------------------------------------------------------------------------
Starting RTL Elaboration : Time (s): cpu = 00:00:18 ; elapsed = 00:00:23 . Memory (MB): peak = 788.645 ; gain = 191.105
---------------------------------------------------------------------------------
INFO: [Synth 8-6157] synthesizing module 'am_bp_ila' [c:/Users/Charles/Desktop/MIT/Fall 2019/6_111/FPGA SDR Final Project/FPGA_SDR/FPGA_SDR/FPGA_SDR_project/FPGA_SDR_project.srcs/sources_1/ip/am_bp_ila/synth/am_bp_ila.v:84]
INFO: [Synth 8-6157] synthesizing module 'CFGLUT5' [C:/Xilinx/Vivado/2019.1/scripts/rt/data/unisim_comp.v:1516]
INFO: [Synth 8-6155] done synthesizing module 'CFGLUT5' (8#1) [C:/Xilinx/Vivado/2019.1/scripts/rt/data/unisim_comp.v:1516]
INFO: [Synth 8-6157] synthesizing module 'CARRY4' [C:/Xilinx/Vivado/2019.1/scripts/rt/data/unisim_comp.v:1479]
INFO: [Synth 8-6155] done synthesizing module 'CARRY4' (9#1) [C:/Xilinx/Vivado/2019.1/scripts/rt/data/unisim_comp.v:1479]
INFO: [Synth 8-6157] synthesizing module 'SRLC32E' [C:/Xilinx/Vivado/2019.1/scripts/rt/data/unisim_comp.v:77850]
INFO: [Synth 8-6155] done synthesizing module 'SRLC32E' (19#1) [C:/Xilinx/Vivado/2019.1/scripts/rt/data/unisim_comp.v:77850]
INFO: [Synth 8-6157] synthesizing module 'SRL16E' [C:/Xilinx/Vivado/2019.1/scripts/rt/data/unisim_comp.v:77700]
INFO: [Synth 8-6155] done synthesizing module 'SRL16E' (21#1) [C:/Xilinx/Vivado/2019.1/scripts/rt/data/unisim_comp.v:77700]
INFO: [Synth 8-6157] synthesizing module 'SRLC16E' [C:/Xilinx/Vivado/2019.1/scripts/rt/data/unisim_comp.v:77789]
INFO: [Synth 8-6155] done synthesizing module 'SRLC16E' (23#1) [C:/Xilinx/Vivado/2019.1/scripts/rt/data/unisim_comp.v:77789]
INFO: [Synth 8-6157] synthesizing module 'FDRE' [C:/Xilinx/Vivado/2019.1/scripts/rt/data/unisim_comp.v:13664]
INFO: [Synth 8-6155] done synthesizing module 'FDRE' (28#1) [C:/Xilinx/Vivado/2019.1/scripts/rt/data/unisim_comp.v:13664]
WARNING: [Synth 8-7023] instance 'inst' of module 'ila_v6_2_9_ila' has 1033 connections declared, but only 1027 given [c:/Users/Charles/Desktop/MIT/Fall 2019/6_111/FPGA SDR Final Project/FPGA_SDR/FPGA_SDR/FPGA_SDR_project/FPGA_SDR_project.srcs/sources_1/ip/am_bp_ila/synth/am_bp_ila.v:3217]
WARNING: [Synth 8-3848] Net sl_iport0 in module/entity am_bp_ila does not have driver. [c:/Users/Charles/Desktop/MIT/Fall 2019/6_111/FPGA SDR Final Project/FPGA_SDR/FPGA_SDR/FPGA_SDR_project/FPGA_SDR_project.srcs/sources_1/ip/am_bp_ila/synth/am_bp_ila.v:106]
INFO: [Synth 8-6155] done synthesizing module 'am_bp_ila' (46#1) [c:/Users/Charles/Desktop/MIT/Fall 2019/6_111/FPGA SDR Final Project/FPGA_SDR/FPGA_SDR/FPGA_SDR_project/FPGA_SDR_project.srcs/sources_1/ip/am_bp_ila/synth/am_bp_ila.v:84]
WARNING: [Synth 8-3331] design blk_mem_gen_v8_4_3_blk_mem_gen_prim_wrapper__parameterized13 has unconnected port SSRA
WARNING: [Synth 8-3331] design blk_mem_gen_v8_4_3_blk_mem_gen_prim_wrapper__parameterized13 has unconnected port REGCEA
WARNING: [Synth 8-3331] design blk_mem_gen_v8_4_3_blk_mem_gen_prim_wrapper__parameterized13 has unconnected port SSRB
WARNING: [Synth 8-3331] design blk_mem_gen_v8_4_3_blk_mem_gen_prim_wrapper__parameterized13 has unconnected port WEB[0]
WARNING: [Synth 8-3331] design blk_mem_gen_v8_4_3_blk_mem_gen_prim_wrapper__parameterized13 has unconnected port DINB[8]
WARNING: [Synth 8-3331] design blk_mem_gen_v8_4_3_blk_mem_gen_prim_wrapper__parameterized13 has unconnected port DINB[7]
WARNING: [Synth 8-3331] design blk_mem_gen_v8_4_3_blk_mem_gen_prim_wrapper__parameterized13 has unconnected port DINB[6]
WARNING: [Synth 8-3331] design blk_mem_gen_v8_4_3_blk_mem_gen_prim_wrapper__parameterized13 has unconnected port DINB[5]
WARNING: [Synth 8-3331] design blk_mem_gen_v8_4_3_blk_mem_gen_prim_wrapper__parameterized13 has unconnected port DINB[4]
WARNING: [Synth 8-3331] design blk_mem_gen_v8_4_3_blk_mem_gen_prim_wrapper__parameterized13 has unconnected port DINB[3]
WARNING: [Synth 8-3331] design blk_mem_gen_v8_4_3_blk_mem_gen_prim_wrapper__parameterized13 has unconnected port DINB[2]
WARNING: [Synth 8-3331] design blk_mem_gen_v8_4_3_blk_mem_gen_prim_wrapper__parameterized13 has unconnected port DINB[1]
WARNING: [Synth 8-3331] design blk_mem_gen_v8_4_3_blk_mem_gen_prim_wrapper__parameterized13 has unconnected port DINB[0]
WARNING: [Synth 8-3331] design blk_mem_gen_v8_4_3_blk_mem_gen_prim_wrapper__parameterized13 has unconnected port SLEEP
WARNING: [Synth 8-3331] design blk_mem_gen_v8_4_3_blk_mem_gen_prim_wrapper__parameterized13 has unconnected port INJECTSBITERR
WARNING: [Synth 8-3331] design blk_mem_gen_v8_4_3_blk_mem_gen_prim_wrapper__parameterized13 has unconnected port INJECTDBITERR
WARNING: [Synth 8-3331] design blk_mem_gen_v8_4_3_blk_mem_gen_prim_wrapper__parameterized13 has unconnected port ECCPIPECE
WARNING: [Synth 8-3331] design blk_mem_gen_v8_4_3_blk_mem_gen_prim_wrapper__parameterized12 has unconnected port SSRA
WARNING: [Synth 8-3331] design blk_mem_gen_v8_4_3_blk_mem_gen_prim_wrapper__parameterized12 has unconnected port REGCEA
WARNING: [Synth 8-3331] design blk_mem_gen_v8_4_3_blk_mem_gen_prim_wrapper__parameterized12 has unconnected port SSRB
WARNING: [Synth 8-3331] design blk_mem_gen_v8_4_3_blk_mem_gen_prim_wrapper__parameterized12 has unconnected port WEB[0]
WARNING: [Synth 8-3331] design blk_mem_gen_v8_4_3_blk_mem_gen_prim_wrapper__parameterized12 has unconnected port DINB[8]
WARNING: [Synth 8-3331] design blk_mem_gen_v8_4_3_blk_mem_gen_prim_wrapper__parameterized12 has unconnected port DINB[7]
WARNING: [Synth 8-3331] design blk_mem_gen_v8_4_3_blk_mem_gen_prim_wrapper__parameterized12 has unconnected port DINB[6]
WARNING: [Synth 8-3331] design blk_mem_gen_v8_4_3_blk_mem_gen_prim_wrapper__parameterized12 has unconnected port DINB[5]
WARNING: [Synth 8-3331] design blk_mem_gen_v8_4_3_blk_mem_gen_prim_wrapper__parameterized12 has unconnected port DINB[4]
WARNING: [Synth 8-3331] design blk_mem_gen_v8_4_3_blk_mem_gen_prim_wrapper__parameterized12 has unconnected port DINB[3]
WARNING: [Synth 8-3331] design blk_mem_gen_v8_4_3_blk_mem_gen_prim_wrapper__parameterized12 has unconnected port DINB[2]
WARNING: [Synth 8-3331] design blk_mem_gen_v8_4_3_blk_mem_gen_prim_wrapper__parameterized12 has unconnected port DINB[1]
WARNING: [Synth 8-3331] design blk_mem_gen_v8_4_3_blk_mem_gen_prim_wrapper__parameterized12 has unconnected port DINB[0]
WARNING: [Synth 8-3331] design blk_mem_gen_v8_4_3_blk_mem_gen_prim_wrapper__parameterized12 has unconnected port SLEEP
WARNING: [Synth 8-3331] design blk_mem_gen_v8_4_3_blk_mem_gen_prim_wrapper__parameterized12 has unconnected port INJECTSBITERR
WARNING: [Synth 8-3331] design blk_mem_gen_v8_4_3_blk_mem_gen_prim_wrapper__parameterized12 has unconnected port INJECTDBITERR
WARNING: [Synth 8-3331] design blk_mem_gen_v8_4_3_blk_mem_gen_prim_wrapper__parameterized12 has unconnected port ECCPIPECE
WARNING: [Synth 8-3331] design blk_mem_gen_v8_4_3_blk_mem_gen_prim_wrapper__parameterized11 has unconnected port SSRA
WARNING: [Synth 8-3331] design blk_mem_gen_v8_4_3_blk_mem_gen_prim_wrapper__parameterized11 has unconnected port REGCEA
WARNING: [Synth 8-3331] design blk_mem_gen_v8_4_3_blk_mem_gen_prim_wrapper__parameterized11 has unconnected port SSRB
WARNING: [Synth 8-3331] design blk_mem_gen_v8_4_3_blk_mem_gen_prim_wrapper__parameterized11 has unconnected port WEB[0]
WARNING: [Synth 8-3331] design blk_mem_gen_v8_4_3_blk_mem_gen_prim_wrapper__parameterized11 has unconnected port DINB[8]
WARNING: [Synth 8-3331] design blk_mem_gen_v8_4_3_blk_mem_gen_prim_wrapper__parameterized11 has unconnected port DINB[7]
WARNING: [Synth 8-3331] design blk_mem_gen_v8_4_3_blk_mem_gen_prim_wrapper__parameterized11 has unconnected port DINB[6]
WARNING: [Synth 8-3331] design blk_mem_gen_v8_4_3_blk_mem_gen_prim_wrapper__parameterized11 has unconnected port DINB[5]
WARNING: [Synth 8-3331] design blk_mem_gen_v8_4_3_blk_mem_gen_prim_wrapper__parameterized11 has unconnected port DINB[4]
WARNING: [Synth 8-3331] design blk_mem_gen_v8_4_3_blk_mem_gen_prim_wrapper__parameterized11 has unconnected port DINB[3]
WARNING: [Synth 8-3331] design blk_mem_gen_v8_4_3_blk_mem_gen_prim_wrapper__parameterized11 has unconnected port DINB[2]
WARNING: [Synth 8-3331] design blk_mem_gen_v8_4_3_blk_mem_gen_prim_wrapper__parameterized11 has unconnected port DINB[1]
WARNING: [Synth 8-3331] design blk_mem_gen_v8_4_3_blk_mem_gen_prim_wrapper__parameterized11 has unconnected port DINB[0]
WARNING: [Synth 8-3331] design blk_mem_gen_v8_4_3_blk_mem_gen_prim_wrapper__parameterized11 has unconnected port SLEEP
WARNING: [Synth 8-3331] design blk_mem_gen_v8_4_3_blk_mem_gen_prim_wrapper__parameterized11 has unconnected port INJECTSBITERR
WARNING: [Synth 8-3331] design blk_mem_gen_v8_4_3_blk_mem_gen_prim_wrapper__parameterized11 has unconnected port INJECTDBITERR
WARNING: [Synth 8-3331] design blk_mem_gen_v8_4_3_blk_mem_gen_prim_wrapper__parameterized11 has unconnected port ECCPIPECE
WARNING: [Synth 8-3331] design blk_mem_gen_v8_4_3_blk_mem_gen_prim_wrapper__parameterized10 has unconnected port SSRA
WARNING: [Synth 8-3331] design blk_mem_gen_v8_4_3_blk_mem_gen_prim_wrapper__parameterized10 has unconnected port REGCEA
WARNING: [Synth 8-3331] design blk_mem_gen_v8_4_3_blk_mem_gen_prim_wrapper__parameterized10 has unconnected port SSRB
WARNING: [Synth 8-3331] design blk_mem_gen_v8_4_3_blk_mem_gen_prim_wrapper__parameterized10 has unconnected port WEB[0]
WARNING: [Synth 8-3331] design blk_mem_gen_v8_4_3_blk_mem_gen_prim_wrapper__parameterized10 has unconnected port DINB[8]
WARNING: [Synth 8-3331] design blk_mem_gen_v8_4_3_blk_mem_gen_prim_wrapper__parameterized10 has unconnected port DINB[7]
WARNING: [Synth 8-3331] design blk_mem_gen_v8_4_3_blk_mem_gen_prim_wrapper__parameterized10 has unconnected port DINB[6]
WARNING: [Synth 8-3331] design blk_mem_gen_v8_4_3_blk_mem_gen_prim_wrapper__parameterized10 has unconnected port DINB[5]
WARNING: [Synth 8-3331] design blk_mem_gen_v8_4_3_blk_mem_gen_prim_wrapper__parameterized10 has unconnected port DINB[4]
WARNING: [Synth 8-3331] design blk_mem_gen_v8_4_3_blk_mem_gen_prim_wrapper__parameterized10 has unconnected port DINB[3]
WARNING: [Synth 8-3331] design blk_mem_gen_v8_4_3_blk_mem_gen_prim_wrapper__parameterized10 has unconnected port DINB[2]
WARNING: [Synth 8-3331] design blk_mem_gen_v8_4_3_blk_mem_gen_prim_wrapper__parameterized10 has unconnected port DINB[1]
WARNING: [Synth 8-3331] design blk_mem_gen_v8_4_3_blk_mem_gen_prim_wrapper__parameterized10 has unconnected port DINB[0]
WARNING: [Synth 8-3331] design blk_mem_gen_v8_4_3_blk_mem_gen_prim_wrapper__parameterized10 has unconnected port SLEEP
WARNING: [Synth 8-3331] design blk_mem_gen_v8_4_3_blk_mem_gen_prim_wrapper__parameterized10 has unconnected port INJECTSBITERR
WARNING: [Synth 8-3331] design blk_mem_gen_v8_4_3_blk_mem_gen_prim_wrapper__parameterized10 has unconnected port INJECTDBITERR
WARNING: [Synth 8-3331] design blk_mem_gen_v8_4_3_blk_mem_gen_prim_wrapper__parameterized10 has unconnected port ECCPIPECE
WARNING: [Synth 8-3331] design blk_mem_gen_v8_4_3_blk_mem_gen_prim_wrapper__parameterized9 has unconnected port SSRA
WARNING: [Synth 8-3331] design blk_mem_gen_v8_4_3_blk_mem_gen_prim_wrapper__parameterized9 has unconnected port REGCEA
WARNING: [Synth 8-3331] design blk_mem_gen_v8_4_3_blk_mem_gen_prim_wrapper__parameterized9 has unconnected port SSRB
WARNING: [Synth 8-3331] design blk_mem_gen_v8_4_3_blk_mem_gen_prim_wrapper__parameterized9 has unconnected port WEB[0]
WARNING: [Synth 8-3331] design blk_mem_gen_v8_4_3_blk_mem_gen_prim_wrapper__parameterized9 has unconnected port DINB[8]
WARNING: [Synth 8-3331] design blk_mem_gen_v8_4_3_blk_mem_gen_prim_wrapper__parameterized9 has unconnected port DINB[7]
WARNING: [Synth 8-3331] design blk_mem_gen_v8_4_3_blk_mem_gen_prim_wrapper__parameterized9 has unconnected port DINB[6]
WARNING: [Synth 8-3331] design blk_mem_gen_v8_4_3_blk_mem_gen_prim_wrapper__parameterized9 has unconnected port DINB[5]
WARNING: [Synth 8-3331] design blk_mem_gen_v8_4_3_blk_mem_gen_prim_wrapper__parameterized9 has unconnected port DINB[4]
WARNING: [Synth 8-3331] design blk_mem_gen_v8_4_3_blk_mem_gen_prim_wrapper__parameterized9 has unconnected port DINB[3]
WARNING: [Synth 8-3331] design blk_mem_gen_v8_4_3_blk_mem_gen_prim_wrapper__parameterized9 has unconnected port DINB[2]
WARNING: [Synth 8-3331] design blk_mem_gen_v8_4_3_blk_mem_gen_prim_wrapper__parameterized9 has unconnected port DINB[1]
WARNING: [Synth 8-3331] design blk_mem_gen_v8_4_3_blk_mem_gen_prim_wrapper__parameterized9 has unconnected port DINB[0]
WARNING: [Synth 8-3331] design blk_mem_gen_v8_4_3_blk_mem_gen_prim_wrapper__parameterized9 has unconnected port SLEEP
WARNING: [Synth 8-3331] design blk_mem_gen_v8_4_3_blk_mem_gen_prim_wrapper__parameterized9 has unconnected port INJECTSBITERR
WARNING: [Synth 8-3331] design blk_mem_gen_v8_4_3_blk_mem_gen_prim_wrapper__parameterized9 has unconnected port INJECTDBITERR
WARNING: [Synth 8-3331] design blk_mem_gen_v8_4_3_blk_mem_gen_prim_wrapper__parameterized9 has unconnected port ECCPIPECE
WARNING: [Synth 8-3331] design blk_mem_gen_v8_4_3_blk_mem_gen_prim_wrapper__parameterized8 has unconnected port SSRA
WARNING: [Synth 8-3331] design blk_mem_gen_v8_4_3_blk_mem_gen_prim_wrapper__parameterized8 has unconnected port REGCEA
WARNING: [Synth 8-3331] design blk_mem_gen_v8_4_3_blk_mem_gen_prim_wrapper__parameterized8 has unconnected port SSRB
WARNING: [Synth 8-3331] design blk_mem_gen_v8_4_3_blk_mem_gen_prim_wrapper__parameterized8 has unconnected port WEB[0]
WARNING: [Synth 8-3331] design blk_mem_gen_v8_4_3_blk_mem_gen_prim_wrapper__parameterized8 has unconnected port DINB[8]
WARNING: [Synth 8-3331] design blk_mem_gen_v8_4_3_blk_mem_gen_prim_wrapper__parameterized8 has unconnected port DINB[7]
WARNING: [Synth 8-3331] design blk_mem_gen_v8_4_3_blk_mem_gen_prim_wrapper__parameterized8 has unconnected port DINB[6]
WARNING: [Synth 8-3331] design blk_mem_gen_v8_4_3_blk_mem_gen_prim_wrapper__parameterized8 has unconnected port DINB[5]
WARNING: [Synth 8-3331] design blk_mem_gen_v8_4_3_blk_mem_gen_prim_wrapper__parameterized8 has unconnected port DINB[4]
WARNING: [Synth 8-3331] design blk_mem_gen_v8_4_3_blk_mem_gen_prim_wrapper__parameterized8 has unconnected port DINB[3]
WARNING: [Synth 8-3331] design blk_mem_gen_v8_4_3_blk_mem_gen_prim_wrapper__parameterized8 has unconnected port DINB[2]
WARNING: [Synth 8-3331] design blk_mem_gen_v8_4_3_blk_mem_gen_prim_wrapper__parameterized8 has unconnected port DINB[1]
WARNING: [Synth 8-3331] design blk_mem_gen_v8_4_3_blk_mem_gen_prim_wrapper__parameterized8 has unconnected port DINB[0]
WARNING: [Synth 8-3331] design blk_mem_gen_v8_4_3_blk_mem_gen_prim_wrapper__parameterized8 has unconnected port SLEEP
WARNING: [Synth 8-3331] design blk_mem_gen_v8_4_3_blk_mem_gen_prim_wrapper__parameterized8 has unconnected port INJECTSBITERR
INFO: [Common 17-14] Message 'Synth 8-3331' appears 100 times and further instances of the messages will be disabled. Use the Tcl command set_msg_config to change the current settings.
---------------------------------------------------------------------------------
Finished RTL Elaboration : Time (s): cpu = 00:02:02 ; elapsed = 00:02:11 . Memory (MB): peak = 1220.090 ; gain = 622.551
---------------------------------------------------------------------------------

Report Check Netlist: 
+------+------------------+-------+---------+-------+------------------+
|      |Item              |Errors |Warnings |Status |Description       |
+------+------------------+-------+---------+-------+------------------+
|1     |multi_driven_nets |      0|        0|Passed |Multi driven nets |
+------+------------------+-------+---------+-------+------------------+
---------------------------------------------------------------------------------
Start Handling Custom Attributes
---------------------------------------------------------------------------------
---------------------------------------------------------------------------------
Finished Handling Custom Attributes : Time (s): cpu = 00:02:02 ; elapsed = 00:02:12 . Memory (MB): peak = 1220.090 ; gain = 622.551
---------------------------------------------------------------------------------
---------------------------------------------------------------------------------
Finished RTL Optimization Phase 1 : Time (s): cpu = 00:02:02 ; elapsed = 00:02:12 . Memory (MB): peak = 1220.090 ; gain = 622.551
---------------------------------------------------------------------------------
INFO: [Netlist 29-17] Analyzing 163 Unisim elements for replacement
INFO: [Netlist 29-28] Unisim Transformation completed in 0 CPU seconds
INFO: [Project 1-570] Preparing netlist for logic optimization

Processing XDC Constraints
Initializing timing engine
Parsing XDC File [c:/Users/Charles/Desktop/MIT/Fall 2019/6_111/FPGA SDR Final Project/FPGA_SDR/FPGA_SDR/FPGA_SDR_project/FPGA_SDR_project.srcs/sources_1/ip/am_bp_ila/am_bp_ila_ooc.xdc] for cell 'inst'
Finished Parsing XDC File [c:/Users/Charles/Desktop/MIT/Fall 2019/6_111/FPGA SDR Final Project/FPGA_SDR/FPGA_SDR/FPGA_SDR_project/FPGA_SDR_project.srcs/sources_1/ip/am_bp_ila/am_bp_ila_ooc.xdc] for cell 'inst'
Parsing XDC File [c:/Users/Charles/Desktop/MIT/Fall 2019/6_111/FPGA SDR Final Project/FPGA_SDR/FPGA_SDR/FPGA_SDR_project/FPGA_SDR_project.srcs/sources_1/ip/am_bp_ila/ila_v6_2/constraints/ila.xdc] for cell 'inst'
Finished Parsing XDC File [c:/Users/Charles/Desktop/MIT/Fall 2019/6_111/FPGA SDR Final Project/FPGA_SDR/FPGA_SDR/FPGA_SDR_project/FPGA_SDR_project.srcs/sources_1/ip/am_bp_ila/ila_v6_2/constraints/ila.xdc] for cell 'inst'
Parsing XDC File [C:/Users/Charles/Desktop/MIT/Fall 2019/6_111/FPGA SDR Final Project/FPGA_SDR/FPGA_SDR/FPGA_SDR_project/FPGA_SDR_project.runs/am_bp_ila_synth_1/dont_touch.xdc]
Finished Parsing XDC File [C:/Users/Charles/Desktop/MIT/Fall 2019/6_111/FPGA SDR Final Project/FPGA_SDR/FPGA_SDR/FPGA_SDR_project/FPGA_SDR_project.runs/am_bp_ila_synth_1/dont_touch.xdc]
Completed Processing XDC Constraints

Netlist sorting complete. Time (s): cpu = 00:00:00 ; elapsed = 00:00:00.004 . Memory (MB): peak = 1220.090 ; gain = 0.000
INFO: [Project 1-111] Unisim Transformation Summary:
  A total of 113 instances were transformed.
  CFGLUT5 => CFGLUT5 (SRLC32E, SRL16E): 104 instances
  CFGLUT5 => SRLC32E: 9 instances

Constraint Validation Runtime : Time (s): cpu = 00:00:01 ; elapsed = 00:00:00.320 . Memory (MB): peak = 1220.090 ; gain = 0.000
