#-----------------------------------------------------------
# Vivado v2019.1.2 (64-bit)
# SW Build 2615518 on Fri Aug  9 15:53:29 MDT 2019
# IP Build 2614745 on Fri Aug  9 20:55:02 MDT 2019
# Start of session at: Wed Dec  4 14:13:03 2019
# Process ID: 18789
# Current directory: /afs/athena.mit.edu/user/c/o/colinpc/6.111 Final Project/FPGA_SDR
# Command line: vivado
# Log file: /afs/athena.mit.edu/user/c/o/colinpc/6.111 Final Project/FPGA_SDR/vivado.log
# Journal file: /afs/athena.mit.edu/user/c/o/colinpc/6.111 Final Project/FPGA_SDR/vivado.jou
#-----------------------------------------------------------
start_gui
open_project {/afs/athena.mit.edu/user/c/o/colinpc/6.111 Final Project/FPGA_SDR/FPGA_SDR_project/FPGA_SDR_project.xpr}
Scanning sources...
Finished scanning sources
INFO: [IP_Flow 19-234] Refreshing IP repositories
INFO: [IP_Flow 19-1704] No user IP repositories specified
INFO: [IP_Flow 19-2313] Loaded Vivado IP repository '/var/local/xilinx-local/Vivado/2019.1/data/ip'.
open_project: Time (s): cpu = 00:00:16 ; elapsed = 00:00:13 . Memory (MB): peak = 6590.801 ; gain = 250.141 ; free physical = 3386 ; free virtual = 12569
update_compile_order -fileset sources_1
reset_run synth_1
launch_runs impl_1 -to_step write_bitstream -jobs 4
[Wed Dec  4 14:14:08 2019] Launched synth_1...
Run output will be captured here: /afs/athena.mit.edu/user/c/o/colinpc/6.111 Final Project/FPGA_SDR/FPGA_SDR_project/FPGA_SDR_project.runs/synth_1/runme.log
[Wed Dec  4 14:14:08 2019] Launched impl_1...
Run output will be captured here: /afs/athena.mit.edu/user/c/o/colinpc/6.111 Final Project/FPGA_SDR/FPGA_SDR_project/FPGA_SDR_project.runs/impl_1/runme.log
open_hw
connect_hw_server
INFO: [Labtools 27-2285] Connecting to hw_server url TCP:localhost:3121
INFO: [Labtools 27-2222] Launching hw_server...
INFO: [Labtools 27-2221] Launch Output:

****** Xilinx hw_server v2019.1.2
  **** Build date : Aug  9 2019 at 18:23:23
    ** Copyright 1986-2019 Xilinx, Inc. All Rights Reserved.


open_hw_target
INFO: [Labtoolstcl 44-466] Opening hw_target localhost:3121/xilinx_tcf/Digilent/210292646112A
set_property PROGRAM.FILE {/afs/athena.mit.edu/user/c/o/colinpc/6.111 Final Project/FPGA_SDR/FPGA_SDR_project/FPGA_SDR_project.runs/impl_1/top_level.bit} [get_hw_devices xc7a100t_0]
current_hw_device [get_hw_devices xc7a100t_0]
refresh_hw_device -update_hw_probes false [lindex [get_hw_devices xc7a100t_0] 0]
INFO: [Labtools 27-1434] Device xc7a100t (JTAG device index = 0) is programmed with a design that has no supported debug core(s) in it.
set_property PROBES.FILE {} [get_hw_devices xc7a100t_0]
set_property FULL_PROBES.FILE {} [get_hw_devices xc7a100t_0]
set_property PROGRAM.FILE {/afs/athena.mit.edu/user/c/o/colinpc/6.111 Final Project/FPGA_SDR/FPGA_SDR_project/FPGA_SDR_project.runs/impl_1/top_level.bit} [get_hw_devices xc7a100t_0]
program_hw_devices [get_hw_devices xc7a100t_0]
INFO: [Labtools 27-3164] End of startup status: HIGH
refresh_hw_device [lindex [get_hw_devices xc7a100t_0] 0]
INFO: [Labtools 27-1434] Device xc7a100t (JTAG device index = 0) is programmed with a design that has no supported debug core(s) in it.
open_project /afs/athena.mit.edu/user/c/o/colinpc/Downloads/fft_demo_all/fft_demo/fft_demo.xpr
Scanning sources...
Finished scanning sources
WARNING: [filemgmt 56-3] Board Part Repository Path: Could not find the directory '/afs/athena.mit.edu/user/c/o/colinpc/AppData/Roaming/Xilinx/Vivado/2019.1/xhub/board_store'.
INFO: [IP_Flow 19-234] Refreshing IP repositories
INFO: [IP_Flow 19-1704] No user IP repositories specified
INFO: [IP_Flow 19-2313] Loaded Vivado IP repository '/var/local/xilinx-local/Vivado/2019.1/data/ip'.
open_project: Time (s): cpu = 00:00:09 ; elapsed = 00:00:06 . Memory (MB): peak = 7856.820 ; gain = 56.035 ; free physical = 1983 ; free virtual = 11193
current_project FPGA_SDR_project
close_project
launch_runs impl_1 -to_step write_bitstream -jobs 4
[Wed Dec  4 14:19:39 2019] Launched impl_1...
Run output will be captured here: /afs/athena.mit.edu/user/c/o/colinpc/Downloads/fft_demo_all/fft_demo/fft_demo.runs/impl_1/runme.log
update_compile_order -fileset sources_1
WARNING: [IP_Flow 19-4067] Ignoring invalid widget type specified checkbox.Providing a default widget
WARNING: [IP_Flow 19-4067] Ignoring invalid widget type specified checkbox.Providing a default widget
open_hw
connect_hw_server
INFO: [Labtools 27-2285] Connecting to hw_server url TCP:localhost:3121
INFO: [Labtools 27-2222] Launching hw_server...
INFO: [Labtools 27-2221] Launch Output:

****** Xilinx hw_server v2019.1.2
  **** Build date : Aug  9 2019 at 18:23:23
    ** Copyright 1986-2019 Xilinx, Inc. All Rights Reserved.


open_hw_target
INFO: [Labtoolstcl 44-466] Opening hw_target localhost:3121/xilinx_tcf/Digilent/210292646112A
set_property PROGRAM.FILE {/afs/athena.mit.edu/user/c/o/colinpc/6.111 Final Project/FPGA_SDR/FPGA_SDR_project/FPGA_SDR_project.runs/impl_1/top_level.bit} [get_hw_devices xc7a100t_0]
current_hw_device [get_hw_devices xc7a100t_0]
refresh_hw_device -update_hw_probes false [lindex [get_hw_devices xc7a100t_0] 0]
INFO: [Labtools 27-1434] Device xc7a100t (JTAG device index = 0) is programmed with a design that has no supported debug core(s) in it.
set_property PROBES.FILE {} [get_hw_devices xc7a100t_0]
set_property FULL_PROBES.FILE {} [get_hw_devices xc7a100t_0]
set_property PROGRAM.FILE {/afs/athena.mit.edu/user/c/o/colinpc/6.111 Final Project/FPGA_SDR/FPGA_SDR_project/FPGA_SDR_project.runs/impl_1/top_level.bit} [get_hw_devices xc7a100t_0]
program_hw_devices [get_hw_devices xc7a100t_0]
INFO: [Labtools 27-3164] End of startup status: HIGH
refresh_hw_device [lindex [get_hw_devices xc7a100t_0] 0]
INFO: [Labtools 27-1434] Device xc7a100t (JTAG device index = 0) is programmed with a design that has no supported debug core(s) in it.
set_property PROBES.FILE {} [get_hw_devices xc7a100t_0]
set_property FULL_PROBES.FILE {} [get_hw_devices xc7a100t_0]
set_property PROGRAM.FILE {/afs/athena.mit.edu/user/c/o/colinpc/6.111 Final Project/FPGA_SDR/FPGA_SDR_project/FPGA_SDR_project.runs/impl_1/top_level.bit} [get_hw_devices xc7a100t_0]
program_hw_devices [get_hw_devices xc7a100t_0]
INFO: [Labtools 27-3164] End of startup status: HIGH
refresh_hw_device [lindex [get_hw_devices xc7a100t_0] 0]
INFO: [Labtools 27-1434] Device xc7a100t (JTAG device index = 0) is programmed with a design that has no supported debug core(s) in it.
close_hw
exit
INFO: [Common 17-206] Exiting Vivado at Wed Dec  4 14:22:13 2019...
