#-----------------------------------------------------------
# Vivado v2019.1.2 (64-bit)
# SW Build 2615518 on Fri Aug  9 15:53:29 MDT 2019
# IP Build 2614745 on Fri Aug  9 20:55:02 MDT 2019
# Start of session at: Sun Dec  8 20:17:49 2019
# Process ID: 31983
# Current directory: /afs/athena.mit.edu/user/c/o/colinpc/6.111 Final Project/FPGA_SDR
# Command line: vivado
# Log file: /afs/athena.mit.edu/user/c/o/colinpc/6.111 Final Project/FPGA_SDR/vivado.log
# Journal file: /afs/athena.mit.edu/user/c/o/colinpc/6.111 Final Project/FPGA_SDR/vivado.jou
#-----------------------------------------------------------
start_gui
Warning: Tried to connect to session manager, None of the authentication protocols specified are supported
open_project {/afs/athena.mit.edu/user/c/o/colinpc/6.111 Final Project/FPGA_SDR/FPGA_SDR_project/FPGA_SDR_project.xpr}
Scanning sources...
Finished scanning sources
INFO: [IP_Flow 19-234] Refreshing IP repositories
INFO: [IP_Flow 19-1704] No user IP repositories specified
INFO: [IP_Flow 19-2313] Loaded Vivado IP repository '/var/local/xilinx-local/Vivado/2019.1/data/ip'.
open_project: Time (s): cpu = 00:00:16 ; elapsed = 00:00:15 . Memory (MB): peak = 6607.746 ; gain = 211.117 ; free physical = 3681 ; free virtual = 13158
open_hw
update_compile_order -fileset sources_1
connect_hw_server
INFO: [Labtools 27-2285] Connecting to hw_server url TCP:localhost:3121
INFO: [Labtools 27-2222] Launching hw_server...
INFO: [Labtools 27-2221] Launch Output:

****** Xilinx hw_server v2019.1.2
  **** Build date : Aug  9 2019 at 18:23:23
    ** Copyright 1986-2019 Xilinx, Inc. All Rights Reserved.


open_hw_target
INFO: [Labtoolstcl 44-466] Opening hw_target localhost:3121/xilinx_tcf/Digilent/210292646112A
set_property PROGRAM.FILE {/afs/athena.mit.edu/user/c/o/colinpc/6.111 Final Project/FPGA_SDR/FPGA_SDR_project/FPGA_SDR_project.runs/impl_1/top_level.bit} [get_hw_devices xc7a100t_0]
set_property PROBES.FILE {/afs/athena.mit.edu/user/c/o/colinpc/6.111 Final Project/FPGA_SDR/FPGA_SDR_project/FPGA_SDR_project.runs/impl_1/top_level.ltx} [get_hw_devices xc7a100t_0]
set_property FULL_PROBES.FILE {/afs/athena.mit.edu/user/c/o/colinpc/6.111 Final Project/FPGA_SDR/FPGA_SDR_project/FPGA_SDR_project.runs/impl_1/top_level.ltx} [get_hw_devices xc7a100t_0]
current_hw_device [get_hw_devices xc7a100t_0]
refresh_hw_device [lindex [get_hw_devices xc7a100t_0] 0]
INFO: [Labtools 27-2302] Device xc7a100t (JTAG device index = 0) is programmed with a design that has 1 ILA core(s).
display_hw_ila_data [ get_hw_ila_data hw_ila_data_1 -of_objects [get_hw_ilas -of_objects [get_hw_devices xc7a100t_0] -filter {CELL_NAME=~"FM_stage_1/ila_fm_stage_1"}]]
set_property PROBES.FILE {} [get_hw_devices xc7a100t_0]
set_property FULL_PROBES.FILE {} [get_hw_devices xc7a100t_0]
set_property PROGRAM.FILE {/afs/athena.mit.edu/user/c/o/colinpc/6.111 Final Project/FPGA_SDR/FPGA_SDR_project/FPGA_SDR_project.runs/impl_1/top_level.bit} [get_hw_devices xc7a100t_0]
program_hw_devices [get_hw_devices xc7a100t_0]
INFO: [Labtools 27-3164] End of startup status: HIGH
refresh_hw_device [lindex [get_hw_devices xc7a100t_0] 0]
INFO: [Labtools 27-2302] Device xc7a100t (JTAG device index = 0) is programmed with a design that has 1 ILA core(s).
WARNING: [Labtools 27-1347] Unable to find Debug Probes file []. Please update hw_device property [PROBES.FILE]
 Update of hw_probe objects, will be skipped.
WARNING: [Labtools 27-1974] Mismatch between the design programmed into the device xc7a100t_0 and the probes file(s) .
The device design has 1 ILA core(s) and 0 VIO core(s). 0 ILA core(s) and 0 VIO core(s) are matched in the probes file(s).
Resolution: 
1. Reprogram device with the correct programming file and associated probes file(s) OR
2. Goto device properties and associate the correct probes file(s) with the programming file already programmed in the device.
save_wave_config {/afs/athena.mit.edu/user/c/o/colinpc/6.111 Final Project/FPGA_SDR/FPGA_SDR_project/FPGA_SDR_project.hw/hw_1/wave/hw_ila_data_1/hw_ila_data_1.wcfg}
close_hw
